2025-03-10 12:14:59 [INFO]: Redis Client Connected
2025-03-10 12:14:59 [INFO]: RabbitMQ Connected
2025-03-10 14:03:40 [INFO]: Redis Client Connected
2025-03-10 14:03:40 [INFO]: RabbitMQ Connected
2025-03-10 14:04:14 [INFO]: Redis Client Connected
2025-03-10 14:04:14 [INFO]: RabbitMQ Connected
2025-03-10 14:04:21 [INFO]: Redis Client Connected
2025-03-10 14:04:21 [INFO]: RabbitMQ Connected
2025-03-10 14:04:31 [INFO]: Redis Client Connected
2025-03-10 14:04:31 [INFO]: RabbitMQ Connected
2025-03-10 14:04:57 [INFO]: Redis Client Connected
2025-03-10 14:04:57 [INFO]: RabbitMQ Connected
2025-03-10 14:07:48 [INFO]: Redis Client Connected
2025-03-10 14:07:48 [INFO]: RabbitMQ Connected
2025-03-10 14:07:51 [INFO]: Redis Client Connected
2025-03-10 14:07:51 [INFO]: RabbitMQ Connected
2025-03-10 14:08:05 [ERROR]: Error creating sales order: notNull Violation: SalesOrder.company_id cannot be null,
notNull Violation: SalesOrder.client_id cannot be null
2025-03-10 14:08:15 [INFO]: Redis Client Connected
2025-03-10 14:08:15 [INFO]: RabbitMQ Connected
2025-03-10 14:13:47 [ERROR]: Error creating sales order: notNull Violation: SalesOrder.company_id cannot be null,
notNull Violation: SalesOrder.client_id cannot be null
2025-03-10 14:13:54 [INFO]: Redis Client Connected
2025-03-10 14:13:54 [INFO]: RabbitMQ Connected
2025-03-10 14:14:39 [INFO]: Redis Client Connected
2025-03-10 14:14:39 [INFO]: RabbitMQ Connected
2025-03-10 14:14:52 [ERROR]: Error creating sales order: notNull Violation: SalesOrder.company_id cannot be null,
notNull Violation: SalesOrder.client_id cannot be null
2025-03-10 14:18:39 [ERROR]: Error creating sales order: notNull Violation: SalesOrder.company_id cannot be null,
notNull Violation: SalesOrder.client_id cannot be null
2025-03-10 14:20:49 [ERROR]: Error creating sales order: notNull Violation: SalesOrder.company_id cannot be null,
notNull Violation: SalesOrder.client_id cannot be null
2025-03-10 14:21:35 [INFO]: Redis Client Connected
2025-03-10 14:21:35 [INFO]: RabbitMQ Connected
2025-03-10 14:21:44 [INFO]: Redis Client Connected
2025-03-10 14:21:44 [INFO]: RabbitMQ Connected
2025-03-10 14:21:50 [INFO]: Redis Client Connected
2025-03-10 14:21:50 [INFO]: RabbitMQ Connected
2025-03-10 14:21:58 [INFO]: Redis Client Connected
2025-03-10 14:21:58 [INFO]: RabbitMQ Connected
2025-03-10 14:22:06 [INFO]: Redis Client Connected
2025-03-10 14:22:06 [INFO]: RabbitMQ Connected
2025-03-10 14:22:12 [INFO]: Redis Client Connected
2025-03-10 14:22:12 [INFO]: RabbitMQ Connected
2025-03-10 14:22:13 [INFO]: Redis Client Connected
2025-03-10 14:22:13 [INFO]: RabbitMQ Connected
2025-03-10 14:24:50 [INFO]: Redis Client Connected
2025-03-10 14:24:50 [INFO]: RabbitMQ Connected
2025-03-10 14:25:24 [INFO]: Redis Client Connected
2025-03-10 14:25:24 [INFO]: RabbitMQ Connected
2025-03-10 14:25:25 [INFO]: Redis Client Connected
2025-03-10 14:25:25 [INFO]: RabbitMQ Connected
2025-03-10 14:25:34 [INFO]: Redis Client Connected
2025-03-10 14:25:34 [INFO]: RabbitMQ Connected
2025-03-10 14:25:37 [INFO]: Redis Client Connected
2025-03-10 14:25:37 [INFO]: RabbitMQ Connected
2025-03-10 14:26:01 [INFO]: Redis Client Connected
2025-03-10 14:26:01 [INFO]: RabbitMQ Connected
2025-03-10 14:26:06 [INFO]: Redis Client Connected
2025-03-10 14:26:06 [INFO]: RabbitMQ Connected
2025-03-10 14:26:09 [INFO]: Message published to RabbitMQ
2025-03-10 14:26:28 [INFO]: Redis Client Connected
2025-03-10 14:26:28 [INFO]: RabbitMQ Connected
2025-03-10 14:37:00 [INFO]: Message published to RabbitMQ
2025-03-10 14:40:24 [INFO]: Redis Client Connected
2025-03-10 14:40:24 [INFO]: RabbitMQ Connected
2025-03-10 14:40:26 [INFO]: Redis Client Connected
2025-03-10 14:40:26 [INFO]: RabbitMQ Connected
2025-03-10 14:40:30 [INFO]: Redis Client Connected
2025-03-10 14:40:30 [INFO]: RabbitMQ Connected
2025-03-10 14:40:31 [INFO]: Redis Client Connected
2025-03-10 14:40:31 [INFO]: RabbitMQ Connected
2025-03-10 14:40:35 [INFO]: Redis Client Connected
2025-03-10 14:40:35 [INFO]: RabbitMQ Connected
2025-03-10 14:40:52 [INFO]: Redis Client Connected
2025-03-10 14:40:52 [INFO]: RabbitMQ Connected
2025-03-10 14:40:54 [INFO]: Redis Client Connected
2025-03-10 14:40:54 [INFO]: RabbitMQ Connected
2025-03-10 14:41:23 [INFO]: Redis Client Connected
2025-03-10 14:41:23 [INFO]: RabbitMQ Connected
2025-03-10 14:42:19 [INFO]: Redis Client Connected
2025-03-10 14:42:19 [INFO]: RabbitMQ Connected
2025-03-10 14:42:34 [INFO]: Redis Client Connected
2025-03-10 14:42:34 [INFO]: RabbitMQ Connected
2025-03-10 14:42:55 [INFO]: Redis Client Connected
2025-03-10 14:42:55 [INFO]: RabbitMQ Connected
2025-03-10 14:43:36 [INFO]: Redis Client Connected
2025-03-10 14:43:36 [INFO]: RabbitMQ Connected
2025-03-10 14:43:38 [INFO]: Redis Client Connected
2025-03-10 14:43:38 [INFO]: RabbitMQ Connected
2025-03-10 14:43:47 [INFO]: Redis Client Connected
2025-03-10 14:43:47 [INFO]: RabbitMQ Connected
2025-03-10 14:43:54 [INFO]: Redis Client Connected
2025-03-10 14:43:54 [INFO]: RabbitMQ Connected
2025-03-10 14:43:58 [INFO]: Redis Client Connected
2025-03-10 14:43:58 [INFO]: RabbitMQ Connected
2025-03-10 14:44:13 [INFO]: Redis Client Connected
2025-03-10 14:44:13 [INFO]: RabbitMQ Connected
2025-03-10 14:44:19 [INFO]: Redis Client Connected
2025-03-10 14:44:19 [INFO]: RabbitMQ Connected
2025-03-10 14:44:22 [INFO]: Redis Client Connected
2025-03-10 14:44:22 [INFO]: RabbitMQ Connected
2025-03-10 14:44:25 [INFO]: Redis Client Connected
2025-03-10 14:44:25 [INFO]: RabbitMQ Connected
2025-03-10 14:44:30 [INFO]: Redis Client Connected
2025-03-10 14:44:30 [INFO]: RabbitMQ Connected
2025-03-10 14:44:31 [INFO]: Redis Client Connected
2025-03-10 14:44:32 [INFO]: Redis Client Connected
2025-03-10 14:44:32 [INFO]: RabbitMQ Connected
2025-03-10 14:44:36 [INFO]: Redis Client Connected
2025-03-10 14:44:36 [INFO]: RabbitMQ Connected
2025-03-10 14:44:54 [INFO]: Redis Client Connected
2025-03-10 14:44:54 [INFO]: RabbitMQ Connected
2025-03-10 14:44:57 [INFO]: Redis Client Connected
2025-03-10 14:44:57 [INFO]: RabbitMQ Connected
2025-03-10 14:45:00 [INFO]: Redis Client Connected
2025-03-10 14:45:00 [INFO]: RabbitMQ Connected
2025-03-10 14:45:02 [INFO]: Redis Client Connected
2025-03-10 14:45:02 [INFO]: RabbitMQ Connected
2025-03-10 14:45:05 [INFO]: Redis Client Connected
2025-03-10 14:45:05 [INFO]: RabbitMQ Connected
2025-03-10 14:45:31 [INFO]: Redis Client Connected
2025-03-10 14:45:31 [INFO]: RabbitMQ Connected
2025-03-10 14:45:34 [INFO]: Redis Client Connected
2025-03-10 14:45:34 [INFO]: RabbitMQ Connected
2025-03-10 14:45:59 [INFO]: Redis Client Connected
2025-03-10 14:45:59 [INFO]: RabbitMQ Connected
2025-03-10 14:46:06 [INFO]: Redis Client Connected
2025-03-10 14:46:06 [INFO]: RabbitMQ Connected
2025-03-10 14:46:20 [INFO]: Redis Client Connected
2025-03-10 14:46:20 [INFO]: RabbitMQ Connected
2025-03-10 14:46:30 [INFO]: Redis Client Connected
2025-03-10 14:46:30 [INFO]: RabbitMQ Connected
2025-03-10 14:46:31 [INFO]: Redis Client Connected
2025-03-10 14:46:31 [INFO]: RabbitMQ Connected
2025-03-10 14:46:33 [INFO]: Redis Client Connected
2025-03-10 14:46:33 [INFO]: RabbitMQ Connected
2025-03-10 14:46:39 [INFO]: Redis Client Connected
2025-03-10 14:46:39 [INFO]: RabbitMQ Connected
2025-03-10 14:46:42 [INFO]: Redis Client Connected
2025-03-10 14:46:42 [INFO]: RabbitMQ Connected
2025-03-10 14:46:46 [INFO]: Redis Client Connected
2025-03-10 14:46:46 [INFO]: RabbitMQ Connected
2025-03-10 14:46:47 [INFO]: Redis Client Connected
2025-03-10 14:46:47 [INFO]: RabbitMQ Connected
2025-03-10 14:46:48 [INFO]: Redis Client Connected
2025-03-10 14:46:48 [INFO]: RabbitMQ Connected
2025-03-10 14:46:53 [INFO]: Redis Client Connected
2025-03-10 14:46:53 [INFO]: RabbitMQ Connected
2025-03-10 14:46:58 [INFO]: Redis Client Connected
2025-03-10 14:46:58 [INFO]: RabbitMQ Connected
2025-03-10 14:47:04 [INFO]: Shutting down...
2025-03-10 14:47:07 [INFO]: Redis Client Connected
2025-03-10 14:47:07 [INFO]: RabbitMQ Connected
2025-03-10 14:47:25 [INFO]: Redis Client Connected
2025-03-10 14:47:25 [INFO]: RabbitMQ Connected
2025-03-10 15:06:14 [INFO]: Redis Client Connected
2025-03-10 15:06:14 [INFO]: Redis Client Connected
2025-03-10 15:06:14 [INFO]: RabbitMQ Connected
2025-03-10 15:06:14 [INFO]: RabbitMQ Connected
2025-03-10 15:06:38 [INFO]: Redis Client Connected
2025-03-10 15:06:38 [INFO]: Redis Client Connected
2025-03-10 15:06:38 [INFO]: RabbitMQ Connected
2025-03-10 15:06:38 [INFO]: RabbitMQ Connected
2025-03-10 15:11:16 [INFO]: Redis Client Connected
2025-03-10 15:11:16 [INFO]: Redis Client Connected
2025-03-10 15:11:16 [INFO]: RabbitMQ Connected
2025-03-10 15:11:16 [INFO]: RabbitMQ Connected
2025-03-10 15:11:24 [INFO]: Redis Client Connected
2025-03-10 15:11:24 [INFO]: Redis Client Connected
2025-03-10 15:11:24 [INFO]: RabbitMQ Connected
2025-03-10 15:11:24 [INFO]: RabbitMQ Connected
2025-03-10 15:14:55 [INFO]: Message published to RabbitMQ
2025-03-10 15:17:26 [ERROR]: Error creating work order: Cannot add or update a child row: a foreign key constraint fails (`packworks`.`work_order`, CONSTRAINT `work_order_ibfk_1` FOREIGN KEY (`sales_order_id`) REFERENCES `sales_order` (`id`) ON DELETE CASCADE)
2025-03-10 15:18:31 [ERROR]: Error creating work order: CACHE_KEYS is not defined
2025-03-10 15:21:18 [INFO]: Redis Client Connected
2025-03-10 15:21:18 [INFO]: Redis Client Connected
2025-03-10 15:21:18 [INFO]: RabbitMQ Connected
2025-03-10 15:21:18 [INFO]: RabbitMQ Connected
2025-03-10 15:21:24 [INFO]: Message published to RabbitMQ
2025-03-10 16:58:19 [INFO]: Redis Client Connected
2025-03-10 16:58:19 [INFO]: Redis Client Connected
2025-03-10 16:58:19 [INFO]: RabbitMQ Connected
2025-03-10 16:58:19 [INFO]: RabbitMQ Connected
2025-03-10 17:00:49 [ERROR]: Error creating work order: notNull Violation: WorkOrder.sales_order_id cannot be null,
notNull Violation: WorkOrder.company_id cannot be null,
notNull Violation: WorkOrder.client_id cannot be null,
notNull Violation: WorkOrder.manufacture cannot be null
2025-03-10 17:01:08 [INFO]: Redis Client Connected
2025-03-10 17:01:08 [INFO]: Redis Client Connected
2025-03-10 17:01:08 [INFO]: RabbitMQ Connected
2025-03-10 17:01:08 [INFO]: RabbitMQ Connected
2025-03-10 17:01:52 [INFO]: Redis Client Connected
2025-03-10 17:01:52 [INFO]: Redis Client Connected
2025-03-10 17:01:52 [INFO]: RabbitMQ Connected
2025-03-10 17:01:52 [INFO]: RabbitMQ Connected
2025-03-10 17:02:32 [INFO]: Redis Client Connected
2025-03-10 17:02:32 [INFO]: Redis Client Connected
2025-03-10 17:02:32 [INFO]: RabbitMQ Connected
2025-03-10 17:02:32 [INFO]: RabbitMQ Connected
2025-03-10 17:06:17 [INFO]: Message published to RabbitMQ
2025-03-10 17:07:15 [INFO]: Message published to RabbitMQ
2025-03-10 17:13:44 [INFO]: Redis Client Connected
2025-03-10 17:13:44 [INFO]: Redis Client Connected
2025-03-10 17:13:44 [INFO]: RabbitMQ Connected
2025-03-10 17:13:44 [INFO]: RabbitMQ Connected
2025-03-10 17:13:46 [INFO]: Redis Client Connected
2025-03-10 17:13:46 [INFO]: Redis Client Connected
2025-03-10 17:13:46 [INFO]: RabbitMQ Connected
2025-03-10 17:13:46 [INFO]: RabbitMQ Connected
2025-03-10 17:13:56 [INFO]: Redis Client Connected
2025-03-10 17:13:56 [INFO]: RabbitMQ Connected
2025-03-10 17:14:01 [INFO]: Redis Client Connected
2025-03-10 17:14:01 [INFO]: RabbitMQ Connected
2025-03-10 17:14:02 [INFO]: Redis Client Connected
2025-03-10 17:14:02 [INFO]: RabbitMQ Connected
2025-03-10 17:14:03 [INFO]: Redis Client Connected
2025-03-10 17:14:03 [INFO]: RabbitMQ Connected
2025-03-10 17:14:04 [INFO]: Redis Client Connected
2025-03-10 17:14:04 [INFO]: RabbitMQ Connected
2025-03-10 17:14:17 [INFO]: Redis Client Connected
2025-03-10 17:14:17 [INFO]: RabbitMQ Connected
2025-03-10 17:14:17 [INFO]: Redis Client Connected
2025-03-10 17:14:17 [INFO]: RabbitMQ Connected
2025-03-10 17:14:43 [INFO]: Redis Client Connected
2025-03-10 17:14:43 [INFO]: Redis Client Connected
2025-03-10 17:14:43 [INFO]: RabbitMQ Connected
2025-03-10 17:14:44 [INFO]: RabbitMQ Connected
2025-03-10 17:23:34 [INFO]: Message published to RabbitMQ
2025-03-10 17:28:59 [INFO]: Message published to RabbitMQ
2025-03-10 17:32:17 [INFO]: Redis Client Connected
2025-03-10 17:32:17 [INFO]: Redis Client Connected
2025-03-10 17:32:17 [INFO]: RabbitMQ Connected
2025-03-10 17:32:17 [INFO]: RabbitMQ Connected
2025-03-10 17:44:43 [INFO]: Redis Client Connected
2025-03-10 17:44:43 [INFO]: Redis Client Connected
2025-03-10 17:44:43 [INFO]: RabbitMQ Connected
2025-03-10 17:44:43 [INFO]: RabbitMQ Connected
2025-03-10 18:03:03 [INFO]: Redis Client Connected
2025-03-10 18:03:03 [INFO]: Redis Client Connected
2025-03-10 18:03:03 [INFO]: RabbitMQ Connected
2025-03-10 18:03:03 [INFO]: RabbitMQ Connected
2025-03-10 18:03:04 [INFO]: Redis Client Connected
2025-03-10 18:03:04 [INFO]: Redis Client Connected
2025-03-10 18:03:04 [INFO]: RabbitMQ Connected
2025-03-10 18:03:04 [INFO]: RabbitMQ Connected
2025-03-10 18:03:08 [INFO]: Redis Client Connected
2025-03-10 18:03:08 [INFO]: Redis Client Connected
2025-03-10 18:03:08 [INFO]: RabbitMQ Connected
2025-03-10 18:03:08 [INFO]: RabbitMQ Connected
2025-03-10 18:03:22 [INFO]: Redis Client Connected
2025-03-10 18:03:22 [INFO]: Redis Client Connected
2025-03-10 18:03:22 [INFO]: RabbitMQ Connected
2025-03-10 18:03:22 [INFO]: RabbitMQ Connected
2025-03-10 18:03:24 [INFO]: Redis Client Connected
2025-03-10 18:03:24 [INFO]: Redis Client Connected
2025-03-10 18:03:24 [INFO]: RabbitMQ Connected
2025-03-10 18:03:24 [INFO]: RabbitMQ Connected
2025-03-10 18:03:30 [INFO]: Redis Client Connected
2025-03-10 18:03:30 [INFO]: RabbitMQ Connected
2025-03-10 18:03:30 [INFO]: Redis Client Connected
2025-03-10 18:03:30 [INFO]: RabbitMQ Connected
2025-03-10 18:03:38 [INFO]: Redis Client Connected
2025-03-10 18:03:38 [INFO]: Redis Client Connected
2025-03-10 18:03:38 [INFO]: RabbitMQ Connected
2025-03-10 18:03:38 [INFO]: RabbitMQ Connected
2025-03-10 18:03:59 [INFO]: Redis Client Connected
2025-03-10 18:03:59 [INFO]: Redis Client Connected
2025-03-10 18:03:59 [INFO]: RabbitMQ Connected
2025-03-10 18:04:00 [INFO]: Redis Client Connected
2025-03-10 18:04:00 [INFO]: Redis Client Connected
2025-03-10 18:04:00 [INFO]: RabbitMQ Connected
2025-03-10 18:04:00 [INFO]: RabbitMQ Connected
2025-03-10 18:04:08 [INFO]: Redis Client Connected
2025-03-10 18:04:08 [INFO]: Redis Client Connected
2025-03-10 18:04:08 [INFO]: RabbitMQ Connected
2025-03-10 18:04:08 [INFO]: RabbitMQ Connected
2025-03-10 18:04:45 [INFO]: Redis Client Connected
2025-03-10 18:04:45 [INFO]: Redis Client Connected
2025-03-10 18:04:45 [INFO]: RabbitMQ Connected
2025-03-10 18:04:45 [INFO]: RabbitMQ Connected
2025-03-10 18:04:54 [INFO]: Redis Client Connected
2025-03-10 18:04:54 [INFO]: RabbitMQ Connected
2025-03-10 18:04:54 [INFO]: Redis Client Connected
2025-03-10 18:04:54 [INFO]: RabbitMQ Connected
2025-03-10 18:04:59 [INFO]: Redis Client Connected
2025-03-10 18:04:59 [INFO]: Redis Client Connected
2025-03-10 18:04:59 [INFO]: RabbitMQ Connected
2025-03-10 18:04:59 [INFO]: RabbitMQ Connected
2025-03-10 18:05:04 [INFO]: Redis Client Connected
2025-03-10 18:05:04 [INFO]: Redis Client Connected
2025-03-10 18:05:04 [INFO]: RabbitMQ Connected
2025-03-10 18:05:04 [INFO]: RabbitMQ Connected
2025-03-10 18:05:08 [INFO]: Redis Client Connected
2025-03-10 18:05:08 [INFO]: Redis Client Connected
2025-03-10 18:05:08 [INFO]: RabbitMQ Connected
2025-03-10 18:05:08 [INFO]: RabbitMQ Connected
2025-03-10 18:05:10 [INFO]: Redis Client Connected
2025-03-10 18:05:10 [INFO]: Redis Client Connected
2025-03-10 18:05:10 [INFO]: RabbitMQ Connected
2025-03-10 18:05:10 [INFO]: RabbitMQ Connected
2025-03-10 18:05:24 [INFO]: Redis Client Connected
2025-03-10 18:05:24 [INFO]: RabbitMQ Connected
2025-03-10 18:05:25 [INFO]: Redis Client Connected
2025-03-10 18:05:25 [INFO]: RabbitMQ Connected
2025-03-10 18:05:38 [INFO]: Redis Client Connected
2025-03-10 18:05:38 [INFO]: RabbitMQ Connected
2025-03-10 18:05:38 [INFO]: Redis Client Connected
2025-03-10 18:05:38 [INFO]: RabbitMQ Connected
2025-03-10 18:05:50 [INFO]: Redis Client Connected
2025-03-10 18:05:50 [INFO]: RabbitMQ Connected
2025-03-10 18:05:52 [INFO]: Redis Client Connected
2025-03-10 18:05:52 [INFO]: RabbitMQ Connected
2025-03-10 18:05:52 [INFO]: Redis Client Connected
2025-03-10 18:05:52 [INFO]: RabbitMQ Connected
2025-03-10 18:06:02 [INFO]: Redis Client Connected
2025-03-10 18:06:02 [INFO]: Redis Client Connected
2025-03-10 18:06:02 [INFO]: RabbitMQ Connected
2025-03-10 18:06:02 [INFO]: RabbitMQ Connected
2025-03-10 18:06:09 [INFO]: Redis Client Connected
2025-03-10 18:06:09 [INFO]: Redis Client Connected
2025-03-10 18:06:09 [INFO]: RabbitMQ Connected
2025-03-10 18:06:09 [INFO]: RabbitMQ Connected
2025-03-10 18:06:19 [INFO]: Redis Client Connected
2025-03-10 18:06:19 [INFO]: Redis Client Connected
2025-03-10 18:06:19 [INFO]: RabbitMQ Connected
2025-03-10 18:06:19 [INFO]: RabbitMQ Connected
2025-03-10 18:06:32 [INFO]: Redis Client Connected
2025-03-10 18:06:32 [INFO]: Redis Client Connected
2025-03-10 18:06:32 [INFO]: RabbitMQ Connected
2025-03-10 18:06:33 [INFO]: RabbitMQ Connected
2025-03-10 18:06:56 [INFO]: Redis Client Connected
2025-03-10 18:06:56 [INFO]: RabbitMQ Connected
2025-03-10 18:06:57 [INFO]: Redis Client Connected
2025-03-10 18:06:57 [INFO]: RabbitMQ Connected
2025-03-10 18:07:00 [INFO]: Redis Client Connected
2025-03-10 18:07:00 [INFO]: RabbitMQ Connected
2025-03-10 18:07:00 [INFO]: Redis Client Connected
2025-03-10 18:07:00 [INFO]: RabbitMQ Connected
2025-03-10 18:07:09 [INFO]: Redis Client Connected
2025-03-10 18:07:09 [INFO]: RabbitMQ Connected
2025-03-10 18:07:10 [INFO]: Redis Client Connected
2025-03-10 18:07:10 [INFO]: RabbitMQ Connected
2025-03-10 18:07:15 [INFO]: Redis Client Connected
2025-03-10 18:07:15 [INFO]: Redis Client Connected
2025-03-10 18:07:15 [INFO]: RabbitMQ Connected
2025-03-10 18:07:15 [INFO]: RabbitMQ Connected
2025-03-10 18:07:20 [INFO]: Redis Client Connected
2025-03-10 18:07:20 [INFO]: Redis Client Connected
2025-03-10 18:07:20 [INFO]: RabbitMQ Connected
2025-03-10 18:07:20 [INFO]: RabbitMQ Connected
2025-03-10 18:07:26 [INFO]: Redis Client Connected
2025-03-10 18:07:26 [INFO]: RabbitMQ Connected
2025-03-10 18:07:26 [INFO]: Redis Client Connected
2025-03-10 18:07:26 [INFO]: RabbitMQ Connected
2025-03-10 18:07:31 [INFO]: Redis Client Connected
2025-03-10 18:07:31 [INFO]: Redis Client Connected
2025-03-10 18:07:31 [INFO]: RabbitMQ Connected
2025-03-10 18:07:31 [INFO]: RabbitMQ Connected
2025-03-10 18:07:35 [INFO]: Redis Client Connected
2025-03-10 18:07:35 [INFO]: Redis Client Connected
2025-03-10 18:07:36 [INFO]: RabbitMQ Connected
2025-03-10 18:07:36 [INFO]: RabbitMQ Connected
2025-03-10 18:07:46 [INFO]: Redis Client Connected
2025-03-10 18:07:46 [INFO]: Redis Client Connected
2025-03-10 18:07:46 [INFO]: RabbitMQ Connected
2025-03-10 18:07:46 [INFO]: RabbitMQ Connected
2025-03-10 18:09:09 [INFO]: Redis Client Connected
2025-03-10 18:09:09 [INFO]: Redis Client Connected
2025-03-10 18:09:09 [INFO]: RabbitMQ Connected
2025-03-10 18:09:09 [INFO]: RabbitMQ Connected
